2024-02-12 09:11:46,353 [Worker-6: Loading available Gradle versions] INFO  o.e.b.c.i.u.g.PublishedGradleVersions - Gradle version information cache is up-to-date. Trying to read.
2024-02-12 09:12:03,295 [Worker-1: Building] INFO  o.e.m.c.i.l.LifecycleMappingFactory - Using org.eclipse.m2e.jdt.JarLifecycleMapping lifecycle mapping for MavenProject: myy803.springboot.IoC:myy803_IoC_tutorial_0:0.0.1-SNAPSHOT @ C:\Users\zarras\Documents\zarras-home\doc\courses\soft-eng\slides\spring-stuff\myy803-springboot-IoC\myy803_IoC_tutorial_0\pom.xml.
2024-02-12 09:12:15,101 [Worker-6: Download sources and javadoc] INFO  o.e.m.c.i.e.AbstractTransferListenerAdapter - Downloading https://repo.maven.apache.org/maven2/org/springframework/boot/spring-boot-starter/2.6.4/spring-boot-starter-2.6.4-sources.jar
2024-02-12 09:12:15,159 [Worker-6: Download sources and javadoc] INFO  o.e.m.c.i.e.AbstractTransferListenerAdapter - Downloaded https://repo.maven.apache.org/maven2/org/springframework/boot/spring-boot-starter/2.6.4/spring-boot-starter-2.6.4-sources.jar
2024-02-12 09:12:15,215 [Worker-6: Download sources and javadoc] INFO  o.e.m.j.internal.DownloadSourcesJob - Downloaded sources for org.springframework.boot:spring-boot-starter:2.6.4
2024-02-12 09:12:15,802 [Worker-2: Updating Maven Project] INFO  o.e.m.c.i.p.ProjectConfigurationManager - Update started
2024-02-12 09:12:15,942 [Worker-6: Download sources and javadoc] INFO  o.e.m.c.i.e.AbstractTransferListenerAdapter - Downloading https://repo.maven.apache.org/maven2/org/springframework/spring-context/5.3.16/spring-context-5.3.16-sources.jar
2024-02-12 09:12:16,554 [Worker-6: Download sources and javadoc] INFO  o.e.m.c.i.e.AbstractTransferListenerAdapter - Downloaded https://repo.maven.apache.org/maven2/org/springframework/spring-context/5.3.16/spring-context-5.3.16-sources.jar
2024-02-12 09:12:16,570 [Worker-6: Download sources and javadoc] INFO  o.e.m.j.internal.DownloadSourcesJob - Downloaded sources for org.springframework:spring-context:5.3.16
2024-02-12 09:12:18,098 [Worker-6: Download sources and javadoc] INFO  o.e.m.c.i.e.AbstractTransferListenerAdapter - Downloading https://repo.maven.apache.org/maven2/org/springframework/spring-aop/5.3.16/spring-aop-5.3.16-sources.jar
2024-02-12 09:12:18,354 [Worker-6: Download sources and javadoc] INFO  o.e.m.c.i.e.AbstractTransferListenerAdapter - Downloaded https://repo.maven.apache.org/maven2/org/springframework/spring-aop/5.3.16/spring-aop-5.3.16-sources.jar
2024-02-12 09:12:18,365 [Worker-6: Download sources and javadoc] INFO  o.e.m.j.internal.DownloadSourcesJob - Downloaded sources for org.springframework:spring-aop:5.3.16
2024-02-12 09:12:18,370 [Worker-2: Updating Maven Project] INFO  o.e.m.c.i.l.LifecycleMappingFactory - Using org.eclipse.m2e.jdt.JarLifecycleMapping lifecycle mapping for MavenProject: myy803.springboot.IoC:myy803_IoC_tutorial_0:0.0.1-SNAPSHOT @ C:\Users\zarras\Documents\zarras-home\doc\courses\soft-eng\slides\spring-stuff\myy803-springboot-IoC\myy803_IoC_tutorial_0\pom.xml.
2024-02-12 09:12:18,554 [Worker-6: Download sources and javadoc] INFO  o.e.m.c.i.e.AbstractTransferListenerAdapter - Downloading https://repo.maven.apache.org/maven2/org/springframework/spring-beans/5.3.16/spring-beans-5.3.16-sources.jar
2024-02-12 09:12:18,748 [Worker-6: Download sources and javadoc] INFO  o.e.m.c.i.e.AbstractTransferListenerAdapter - Downloaded https://repo.maven.apache.org/maven2/org/springframework/spring-beans/5.3.16/spring-beans-5.3.16-sources.jar
2024-02-12 09:12:18,757 [Worker-6: Download sources and javadoc] INFO  o.e.m.j.internal.DownloadSourcesJob - Downloaded sources for org.springframework:spring-beans:5.3.16
2024-02-12 09:12:18,890 [Worker-6: Download sources and javadoc] INFO  o.e.m.c.i.e.AbstractTransferListenerAdapter - Downloading https://repo.maven.apache.org/maven2/org/springframework/spring-expression/5.3.16/spring-expression-5.3.16-sources.jar
2024-02-12 09:12:18,961 [Worker-6: Download sources and javadoc] INFO  o.e.m.c.i.e.AbstractTransferListenerAdapter - Downloaded https://repo.maven.apache.org/maven2/org/springframework/spring-expression/5.3.16/spring-expression-5.3.16-sources.jar
2024-02-12 09:12:18,978 [Worker-6: Download sources and javadoc] INFO  o.e.m.j.internal.DownloadSourcesJob - Downloaded sources for org.springframework:spring-expression:5.3.16
2024-02-12 09:12:19,088 [Worker-6: Download sources and javadoc] INFO  o.e.m.c.i.e.AbstractTransferListenerAdapter - Downloading https://repo.maven.apache.org/maven2/org/springframework/boot/spring-boot-autoconfigure/2.6.4/spring-boot-autoconfigure-2.6.4-sources.jar
2024-02-12 09:12:19,356 [Worker-6: Download sources and javadoc] INFO  o.e.m.c.i.e.AbstractTransferListenerAdapter - Downloaded https://repo.maven.apache.org/maven2/org/springframework/boot/spring-boot-autoconfigure/2.6.4/spring-boot-autoconfigure-2.6.4-sources.jar
2024-02-12 09:12:19,366 [Worker-6: Download sources and javadoc] INFO  o.e.m.j.internal.DownloadSourcesJob - Downloaded sources for org.springframework.boot:spring-boot-autoconfigure:2.6.4
2024-02-12 09:12:19,571 [Worker-6: Download sources and javadoc] INFO  o.e.m.c.i.e.AbstractTransferListenerAdapter - Downloading https://repo.maven.apache.org/maven2/org/springframework/boot/spring-boot-starter-logging/2.6.4/spring-boot-starter-logging-2.6.4-sources.jar
2024-02-12 09:12:19,587 [Worker-6: Download sources and javadoc] INFO  o.e.m.c.i.e.AbstractTransferListenerAdapter - Downloaded https://repo.maven.apache.org/maven2/org/springframework/boot/spring-boot-starter-logging/2.6.4/spring-boot-starter-logging-2.6.4-sources.jar
2024-02-12 09:12:19,824 [Worker-6: Download sources and javadoc] INFO  o.e.m.j.internal.DownloadSourcesJob - Downloaded sources for org.springframework.boot:spring-boot-starter-logging:2.6.4
2024-02-12 09:12:20,058 [Worker-6: Download sources and javadoc] INFO  o.e.m.c.i.e.AbstractTransferListenerAdapter - Downloading https://repo.maven.apache.org/maven2/ch/qos/logback/logback-classic/1.2.10/logback-classic-1.2.10-sources.jar
2024-02-12 09:12:20,156 [Worker-6: Download sources and javadoc] INFO  o.e.m.c.i.e.AbstractTransferListenerAdapter - Downloaded https://repo.maven.apache.org/maven2/ch/qos/logback/logback-classic/1.2.10/logback-classic-1.2.10-sources.jar
2024-02-12 09:12:20,166 [Worker-6: Download sources and javadoc] INFO  o.e.m.j.internal.DownloadSourcesJob - Downloaded sources for ch.qos.logback:logback-classic:1.2.10
2024-02-12 09:12:20,301 [Worker-6: Download sources and javadoc] INFO  o.e.m.c.i.e.AbstractTransferListenerAdapter - Downloading https://repo.maven.apache.org/maven2/ch/qos/logback/logback-core/1.2.10/logback-core-1.2.10-sources.jar
2024-02-12 09:12:20,407 [Worker-6: Download sources and javadoc] INFO  o.e.m.c.i.e.AbstractTransferListenerAdapter - Downloaded https://repo.maven.apache.org/maven2/ch/qos/logback/logback-core/1.2.10/logback-core-1.2.10-sources.jar
2024-02-12 09:12:20,417 [Worker-6: Download sources and javadoc] INFO  o.e.m.j.internal.DownloadSourcesJob - Downloaded sources for ch.qos.logback:logback-core:1.2.10
2024-02-12 09:12:20,528 [Worker-6: Download sources and javadoc] INFO  o.e.m.c.i.e.AbstractTransferListenerAdapter - Downloading https://repo.maven.apache.org/maven2/org/apache/logging/log4j/log4j-to-slf4j/2.17.1/log4j-to-slf4j-2.17.1-sources.jar
2024-02-12 09:12:20,658 [Worker-6: Download sources and javadoc] INFO  o.e.m.c.i.e.AbstractTransferListenerAdapter - Downloaded https://repo.maven.apache.org/maven2/org/apache/logging/log4j/log4j-to-slf4j/2.17.1/log4j-to-slf4j-2.17.1-sources.jar
2024-02-12 09:12:20,668 [Worker-6: Download sources and javadoc] INFO  o.e.m.j.internal.DownloadSourcesJob - Downloaded sources for org.apache.logging.log4j:log4j-to-slf4j:2.17.1
2024-02-12 09:12:22,928 [Worker-2: Updating Maven Project] INFO  o.e.m.j.i.AbstractJavaProjectConfigurator - Adding source folder /myy803_IoC_tutorial_0/src/main/java
2024-02-12 09:12:22,929 [Worker-2: Updating Maven Project] INFO  o.e.m.j.i.AbstractJavaProjectConfigurator - Adding resource folder /myy803_IoC_tutorial_0/src/main/resources
2024-02-12 09:12:22,929 [Worker-2: Updating Maven Project] INFO  o.e.m.j.i.AbstractJavaProjectConfigurator - Adding resource folder /myy803_IoC_tutorial_0/src/main/resources
2024-02-12 09:12:22,932 [Worker-2: Updating Maven Project] INFO  o.e.m.j.i.AbstractJavaProjectConfigurator - Adding source folder /myy803_IoC_tutorial_0/src/test/java
2024-02-12 09:12:22,933 [Worker-2: Updating Maven Project] INFO  o.e.m.j.i.AbstractJavaProjectConfigurator - Adding resource folder /myy803_IoC_tutorial_0/src/test/resources
2024-02-12 09:12:24,361 [Worker-6: Download sources and javadoc] INFO  o.e.m.c.i.e.AbstractTransferListenerAdapter - Downloading https://repo.maven.apache.org/maven2/org/apache/logging/log4j/log4j-api/2.17.1/log4j-api-2.17.1-sources.jar
2024-02-12 09:12:24,606 [Worker-6: Download sources and javadoc] INFO  o.e.m.c.i.e.AbstractTransferListenerAdapter - Downloaded https://repo.maven.apache.org/maven2/org/apache/logging/log4j/log4j-api/2.17.1/log4j-api-2.17.1-sources.jar
2024-02-12 09:12:24,700 [Worker-6: Download sources and javadoc] INFO  o.e.m.j.internal.DownloadSourcesJob - Downloaded sources for org.apache.logging.log4j:log4j-api:2.17.1
2024-02-12 09:12:24,882 [Worker-2: Updating Maven Project] INFO  o.e.m.c.i.p.ProjectConfigurationManager - Update completed for 1 poms: local refresh takes 0.00 sec, refresh facades takes 4.00 sec, update config takes 3.00 sec 
2024-02-12 09:12:24,919 [Worker-2: Updating Maven Project] INFO  o.e.m.c.i.p.ProjectConfigurationManager - Update started
2024-02-12 09:12:24,982 [Worker-6: Download sources and javadoc] INFO  o.e.m.c.i.e.AbstractTransferListenerAdapter - Downloading https://repo.maven.apache.org/maven2/org/springframework/spring-core/5.3.16/spring-core-5.3.16-sources.jar
2024-02-12 09:12:25,172 [Worker-6: Download sources and javadoc] INFO  o.e.m.c.i.e.AbstractTransferListenerAdapter - Downloaded https://repo.maven.apache.org/maven2/org/springframework/spring-core/5.3.16/spring-core-5.3.16-sources.jar
2024-02-12 09:12:25,192 [Worker-6: Download sources and javadoc] INFO  o.e.m.j.internal.DownloadSourcesJob - Downloaded sources for org.springframework:spring-core:5.3.16
2024-02-12 09:12:27,638 [Worker-6: Download sources and javadoc] INFO  o.e.m.c.i.e.AbstractTransferListenerAdapter - Downloading https://repo.maven.apache.org/maven2/org/springframework/spring-jcl/5.3.16/spring-jcl-5.3.16-sources.jar
2024-02-12 09:12:27,655 [Worker-6: Download sources and javadoc] INFO  o.e.m.c.i.e.AbstractTransferListenerAdapter - Downloaded https://repo.maven.apache.org/maven2/org/springframework/spring-jcl/5.3.16/spring-jcl-5.3.16-sources.jar
2024-02-12 09:12:27,664 [Worker-6: Download sources and javadoc] INFO  o.e.m.j.internal.DownloadSourcesJob - Downloaded sources for org.springframework:spring-jcl:5.3.16
2024-02-12 09:12:27,887 [Worker-6: Download sources and javadoc] INFO  o.e.m.c.i.e.AbstractTransferListenerAdapter - Downloading https://repo.maven.apache.org/maven2/org/yaml/snakeyaml/1.29/snakeyaml-1.29-sources.jar
2024-02-12 09:12:28,048 [Worker-6: Download sources and javadoc] INFO  o.e.m.c.i.e.AbstractTransferListenerAdapter - Downloaded https://repo.maven.apache.org/maven2/org/yaml/snakeyaml/1.29/snakeyaml-1.29-sources.jar
2024-02-12 09:12:28,056 [Worker-6: Download sources and javadoc] INFO  o.e.m.j.internal.DownloadSourcesJob - Downloaded sources for org.yaml:snakeyaml:1.29
2024-02-12 09:12:28,163 [Worker-2: Updating Maven Project] INFO  o.e.m.c.i.l.LifecycleMappingFactory - Using org.eclipse.m2e.jdt.JarLifecycleMapping lifecycle mapping for MavenProject: myy803.springboot.IoC:myy803_IoC_tutorial_0:0.0.1-SNAPSHOT @ C:\Users\zarras\Documents\zarras-home\doc\courses\soft-eng\slides\spring-stuff\myy803-springboot-IoC\myy803_IoC_tutorial_0\pom.xml.
2024-02-12 09:12:28,367 [Worker-6: Download sources and javadoc] INFO  o.e.m.c.i.e.AbstractTransferListenerAdapter - Downloading https://repo.maven.apache.org/maven2/org/springframework/boot/spring-boot-devtools/2.6.4/spring-boot-devtools-2.6.4-sources.jar
2024-02-12 09:12:28,454 [Worker-6: Download sources and javadoc] INFO  o.e.m.c.i.e.AbstractTransferListenerAdapter - Downloaded https://repo.maven.apache.org/maven2/org/springframework/boot/spring-boot-devtools/2.6.4/spring-boot-devtools-2.6.4-sources.jar
2024-02-12 09:12:28,527 [Worker-6: Download sources and javadoc] INFO  o.e.m.j.internal.DownloadSourcesJob - Downloaded sources for org.springframework.boot:spring-boot-devtools:2.6.4
2024-02-12 09:12:28,843 [Worker-6: Download sources and javadoc] INFO  o.e.m.c.i.e.AbstractTransferListenerAdapter - Downloading https://repo.maven.apache.org/maven2/org/springframework/boot/spring-boot-starter-test/2.6.4/spring-boot-starter-test-2.6.4-sources.jar
2024-02-12 09:12:28,856 [Worker-6: Download sources and javadoc] INFO  o.e.m.c.i.e.AbstractTransferListenerAdapter - Downloaded https://repo.maven.apache.org/maven2/org/springframework/boot/spring-boot-starter-test/2.6.4/spring-boot-starter-test-2.6.4-sources.jar
2024-02-12 09:12:28,869 [Worker-6: Download sources and javadoc] INFO  o.e.m.j.internal.DownloadSourcesJob - Downloaded sources for org.springframework.boot:spring-boot-starter-test:2.6.4
2024-02-12 09:12:29,028 [Worker-6: Download sources and javadoc] INFO  o.e.m.c.i.e.AbstractTransferListenerAdapter - Downloading https://repo.maven.apache.org/maven2/org/springframework/boot/spring-boot-test/2.6.4/spring-boot-test-2.6.4-sources.jar
2024-02-12 09:12:29,068 [Worker-6: Download sources and javadoc] INFO  o.e.m.c.i.e.AbstractTransferListenerAdapter - Downloaded https://repo.maven.apache.org/maven2/org/springframework/boot/spring-boot-test/2.6.4/spring-boot-test-2.6.4-sources.jar
2024-02-12 09:12:29,778 [Worker-6: Download sources and javadoc] INFO  o.e.m.j.internal.DownloadSourcesJob - Downloaded sources for org.springframework.boot:spring-boot-test:2.6.4
2024-02-12 09:12:29,884 [Worker-6: Download sources and javadoc] INFO  o.e.m.c.i.e.AbstractTransferListenerAdapter - Downloading https://repo.maven.apache.org/maven2/org/springframework/boot/spring-boot-test-autoconfigure/2.6.4/spring-boot-test-autoconfigure-2.6.4-sources.jar
2024-02-12 09:12:29,947 [Worker-6: Download sources and javadoc] INFO  o.e.m.c.i.e.AbstractTransferListenerAdapter - Downloaded https://repo.maven.apache.org/maven2/org/springframework/boot/spring-boot-test-autoconfigure/2.6.4/spring-boot-test-autoconfigure-2.6.4-sources.jar
2024-02-12 09:12:29,957 [Worker-6: Download sources and javadoc] INFO  o.e.m.j.internal.DownloadSourcesJob - Downloaded sources for org.springframework.boot:spring-boot-test-autoconfigure:2.6.4
2024-02-12 09:12:30,202 [Worker-6: Download sources and javadoc] INFO  o.e.m.c.i.e.AbstractTransferListenerAdapter - Downloading https://repo.maven.apache.org/maven2/com/jayway/jsonpath/json-path/2.6.0/json-path-2.6.0-sources.jar
2024-02-12 09:12:30,257 [Worker-6: Download sources and javadoc] INFO  o.e.m.c.i.e.AbstractTransferListenerAdapter - Downloaded https://repo.maven.apache.org/maven2/com/jayway/jsonpath/json-path/2.6.0/json-path-2.6.0-sources.jar
2024-02-12 09:12:30,299 [Worker-6: Download sources and javadoc] INFO  o.e.m.j.internal.DownloadSourcesJob - Downloaded sources for com.jayway.jsonpath:json-path:2.6.0
2024-02-12 09:12:30,419 [Worker-6: Download sources and javadoc] INFO  o.e.m.c.i.e.AbstractTransferListenerAdapter - Downloading https://repo.maven.apache.org/maven2/org/assertj/assertj-core/3.21.0/assertj-core-3.21.0-sources.jar
2024-02-12 09:12:30,648 [Worker-6: Download sources and javadoc] INFO  o.e.m.c.i.e.AbstractTransferListenerAdapter - Downloaded https://repo.maven.apache.org/maven2/org/assertj/assertj-core/3.21.0/assertj-core-3.21.0-sources.jar
2024-02-12 09:12:30,657 [Worker-6: Download sources and javadoc] INFO  o.e.m.j.internal.DownloadSourcesJob - Downloaded sources for org.assertj:assertj-core:3.21.0
2024-02-12 09:12:30,753 [Worker-6: Download sources and javadoc] INFO  o.e.m.c.i.e.AbstractTransferListenerAdapter - Downloading https://repo.maven.apache.org/maven2/org/mockito/mockito-core/4.0.0/mockito-core-4.0.0-sources.jar
2024-02-12 09:12:30,897 [Worker-6: Download sources and javadoc] INFO  o.e.m.c.i.e.AbstractTransferListenerAdapter - Downloaded https://repo.maven.apache.org/maven2/org/mockito/mockito-core/4.0.0/mockito-core-4.0.0-sources.jar
2024-02-12 09:12:30,916 [Worker-6: Download sources and javadoc] INFO  o.e.m.j.internal.DownloadSourcesJob - Downloaded sources for org.mockito:mockito-core:4.0.0
2024-02-12 09:12:32,652 [Worker-6: Download sources and javadoc] INFO  o.e.m.c.i.e.AbstractTransferListenerAdapter - Downloading https://repo.maven.apache.org/maven2/net/bytebuddy/byte-buddy/1.11.22/byte-buddy-1.11.22-sources.jar
2024-02-12 09:12:32,820 [Worker-6: Download sources and javadoc] INFO  o.e.m.c.i.e.AbstractTransferListenerAdapter - Downloaded https://repo.maven.apache.org/maven2/net/bytebuddy/byte-buddy/1.11.22/byte-buddy-1.11.22-sources.jar
2024-02-12 09:12:32,829 [Worker-6: Download sources and javadoc] INFO  o.e.m.j.internal.DownloadSourcesJob - Downloaded sources for net.bytebuddy:byte-buddy:1.11.22
2024-02-12 09:12:33,058 [Worker-6: Download sources and javadoc] INFO  o.e.m.c.i.e.AbstractTransferListenerAdapter - Downloading https://repo.maven.apache.org/maven2/net/bytebuddy/byte-buddy-agent/1.11.22/byte-buddy-agent-1.11.22-sources.jar
2024-02-12 09:12:33,087 [Worker-6: Download sources and javadoc] INFO  o.e.m.c.i.e.AbstractTransferListenerAdapter - Downloaded https://repo.maven.apache.org/maven2/net/bytebuddy/byte-buddy-agent/1.11.22/byte-buddy-agent-1.11.22-sources.jar
2024-02-12 09:12:33,096 [Worker-6: Download sources and javadoc] INFO  o.e.m.j.internal.DownloadSourcesJob - Downloaded sources for net.bytebuddy:byte-buddy-agent:1.11.22
2024-02-12 09:12:33,195 [Worker-6: Download sources and javadoc] INFO  o.e.m.c.i.e.AbstractTransferListenerAdapter - Downloading https://repo.maven.apache.org/maven2/org/mockito/mockito-junit-jupiter/4.0.0/mockito-junit-jupiter-4.0.0-sources.jar
2024-02-12 09:12:33,278 [Worker-6: Download sources and javadoc] INFO  o.e.m.c.i.e.AbstractTransferListenerAdapter - Downloaded https://repo.maven.apache.org/maven2/org/mockito/mockito-junit-jupiter/4.0.0/mockito-junit-jupiter-4.0.0-sources.jar
2024-02-12 09:12:33,304 [Worker-6: Download sources and javadoc] INFO  o.e.m.j.internal.DownloadSourcesJob - Downloaded sources for org.mockito:mockito-junit-jupiter:4.0.0
2024-02-12 09:12:33,514 [Worker-6: Download sources and javadoc] INFO  o.e.m.c.i.e.AbstractTransferListenerAdapter - Downloading https://repo.maven.apache.org/maven2/org/springframework/spring-test/5.3.16/spring-test-5.3.16-sources.jar
2024-02-12 09:12:33,696 [Worker-6: Download sources and javadoc] INFO  o.e.m.c.i.e.AbstractTransferListenerAdapter - Downloaded https://repo.maven.apache.org/maven2/org/springframework/spring-test/5.3.16/spring-test-5.3.16-sources.jar
2024-02-12 09:12:33,707 [Worker-6: Download sources and javadoc] INFO  o.e.m.j.internal.DownloadSourcesJob - Downloaded sources for org.springframework:spring-test:5.3.16
2024-02-12 09:12:33,840 [Worker-2: Updating Maven Project] INFO  o.e.m.j.i.AbstractJavaProjectConfigurator - Adding source folder /myy803_IoC_tutorial_0/src/main/java
2024-02-12 09:12:33,840 [Worker-2: Updating Maven Project] INFO  o.e.m.j.i.AbstractJavaProjectConfigurator - Adding resource folder /myy803_IoC_tutorial_0/src/main/resources
2024-02-12 09:12:33,840 [Worker-2: Updating Maven Project] INFO  o.e.m.j.i.AbstractJavaProjectConfigurator - Adding resource folder /myy803_IoC_tutorial_0/src/main/resources
2024-02-12 09:12:33,841 [Worker-2: Updating Maven Project] INFO  o.e.m.j.i.AbstractJavaProjectConfigurator - Adding source folder /myy803_IoC_tutorial_0/src/test/java
2024-02-12 09:12:33,842 [Worker-2: Updating Maven Project] INFO  o.e.m.j.i.AbstractJavaProjectConfigurator - Adding resource folder /myy803_IoC_tutorial_0/src/test/resources
2024-02-12 09:12:34,014 [Worker-6: Download sources and javadoc] INFO  o.e.m.c.i.e.AbstractTransferListenerAdapter - Downloading https://repo.maven.apache.org/maven2/org/xmlunit/xmlunit-core/2.8.4/xmlunit-core-2.8.4-sources.jar
2024-02-12 09:12:34,445 [Worker-6: Download sources and javadoc] INFO  o.e.m.c.i.e.AbstractTransferListenerAdapter - Downloaded https://repo.maven.apache.org/maven2/org/xmlunit/xmlunit-core/2.8.4/xmlunit-core-2.8.4-sources.jar
2024-02-12 09:12:34,457 [Worker-6: Download sources and javadoc] INFO  o.e.m.j.internal.DownloadSourcesJob - Downloaded sources for org.xmlunit:xmlunit-core:2.8.4
2024-02-12 09:12:35,001 [Worker-2: Updating Maven Project] INFO  o.e.m.c.i.p.ProjectConfigurationManager - Update completed for 1 poms: local refresh takes 0.00 sec, refresh facades takes 8.00 sec, update config takes 1.00 sec 
2024-02-12 09:12:41,264 [Worker-17: Building] INFO  o.e.m.c.i.embedder.EclipseLogger - Using 'UTF-8' encoding to copy filtered resources.
2024-02-12 09:12:41,265 [Worker-17: Building] INFO  o.e.m.c.i.embedder.EclipseLogger - Using 'UTF-8' encoding to copy filtered properties files.
2024-02-12 09:12:41,271 [Worker-17: Building] INFO  o.e.m.c.i.embedder.EclipseLogger - Copying 1 resource
2024-02-12 09:12:41,488 [Worker-17: Building] INFO  o.e.m.c.i.embedder.EclipseLogger - Copying 0 resource
2024-02-12 09:12:41,520 [Worker-17: Building] INFO  o.e.m.c.i.embedder.EclipseLogger - Using 'UTF-8' encoding to copy filtered resources.
2024-02-12 09:12:41,520 [Worker-17: Building] INFO  o.e.m.c.i.embedder.EclipseLogger - Using 'UTF-8' encoding to copy filtered properties files.
2024-02-12 09:12:41,520 [Worker-17: Building] INFO  o.e.m.c.i.embedder.EclipseLogger - skip non existing resourceDirectory C:\Users\zarras\Documents\zarras-home\doc\courses\soft-eng\slides\spring-stuff\myy803-springboot-IoC\myy803_IoC_tutorial_0\src\test\resources
2024-02-12 09:12:44,447 [Worker-12: Updating Maven Dependencies] INFO  o.e.m.c.i.l.LifecycleMappingFactory - Using org.eclipse.m2e.jdt.JarLifecycleMapping lifecycle mapping for MavenProject: myy803.springboot.IoC:myy803_IoC_tutorial_2:0.0.1-SNAPSHOT @ C:\Users\zarras\Documents\zarras-home\doc\courses\soft-eng\slides\spring-stuff\myy803-springboot-IoC\myy803_IoC_tutorial_2\pom.xml.
2024-02-12 09:12:45,236 [Worker-17: Building] INFO  o.e.m.c.i.l.LifecycleMappingFactory - Using org.eclipse.m2e.jdt.JarLifecycleMapping lifecycle mapping for MavenProject: myy803.springboot.IoC:myy803_IoC_tutorial_1:0.0.1-SNAPSHOT @ C:\Users\zarras\Documents\zarras-home\doc\courses\soft-eng\slides\spring-stuff\myy803-springboot-IoC\myy803_IoC_tutorial_1\pom.xml.
2024-02-12 09:12:49,837 [Worker-17: Building] INFO  o.e.m.c.i.l.LifecycleMappingFactory - Using org.eclipse.m2e.jdt.JarLifecycleMapping lifecycle mapping for MavenProject: myy803.springboot.IoC:myy803_IoC_tutorial_2:0.0.1-SNAPSHOT @ C:\Users\zarras\Documents\zarras-home\doc\courses\soft-eng\slides\spring-stuff\myy803-springboot-IoC\myy803_IoC_tutorial_2\pom.xml.
2024-02-12 09:12:53,526 [Worker-17: Building] INFO  o.e.m.c.i.l.LifecycleMappingFactory - Using org.eclipse.m2e.jdt.JarLifecycleMapping lifecycle mapping for MavenProject: myy803.springboot.IoC:myy803_IoC_tutorial_3:0.0.1-SNAPSHOT @ C:\Users\zarras\Documents\zarras-home\doc\courses\soft-eng\slides\spring-stuff\myy803-springboot-IoC\myy803_IoC_tutorial_3\pom.xml.
2024-02-12 09:12:58,676 [Worker-16: Build] INFO  o.e.m.c.i.l.LifecycleMappingFactory - Using org.eclipse.m2e.jdt.JarLifecycleMapping lifecycle mapping for MavenProject: myy803.springboot.IoC:myy803_IoC_tutorial_4:0.0.1-SNAPSHOT @ C:\Users\zarras\Documents\zarras-home\doc\courses\soft-eng\slides\spring-stuff\myy803-springboot-IoC\myy803_IoC_tutorial_4\pom.xml.
2024-02-12 09:13:01,507 [Worker-16: Build] INFO  o.e.m.c.i.l.LifecycleMappingFactory - Using org.eclipse.m2e.jdt.JarLifecycleMapping lifecycle mapping for MavenProject: myy803.springboot.IoC:myy803_IoC_tutorial_5:0.0.1-SNAPSHOT @ C:\Users\zarras\Documents\zarras-home\doc\courses\soft-eng\slides\spring-stuff\myy803-springboot-IoC\myy803_IoC_tutorial_5\pom.xml.
2024-02-12 09:13:16,365 [Worker-16: Build] INFO  o.e.m.c.i.l.LifecycleMappingFactory - Using org.eclipse.m2e.jdt.JarLifecycleMapping lifecycle mapping for MavenProject: myy803.springboot.IoC:myy803_IoC_tutorial_6:0.0.1-SNAPSHOT @ C:\Users\zarras\Documents\zarras-home\doc\courses\soft-eng\slides\spring-stuff\myy803-springboot-IoC\myy803_IoC_tutorial_6\pom.xml.
2024-02-12 09:13:20,684 [Worker-16: Build] INFO  o.e.m.c.i.l.LifecycleMappingFactory - Using org.eclipse.m2e.jdt.JarLifecycleMapping lifecycle mapping for MavenProject: myy803.springboot.IoC:myy803_IoC_tutorial_7:0.0.1-SNAPSHOT @ C:\Users\zarras\Documents\zarras-home\doc\courses\soft-eng\slides\spring-stuff\myy803-springboot-IoC\myy803_IoC_tutorial_7\pom.xml.
2024-02-12 09:13:23,025 [Worker-16: Build] INFO  o.e.m.c.i.l.LifecycleMappingFactory - Using org.eclipse.m2e.jdt.JarLifecycleMapping lifecycle mapping for MavenProject: myy803.springboot.IoC:myy803_IoC_tutorial_8:0.0.1-SNAPSHOT @ C:\Users\zarras\Documents\zarras-home\doc\courses\soft-eng\slides\spring-stuff\myy803-springboot-IoC\myy803_IoC_tutorial_8\pom.xml.
2024-02-12 09:13:28,703 [Worker-13: Updating Maven Dependencies] INFO  o.e.m.c.i.l.LifecycleMappingFactory - Using org.eclipse.m2e.jdt.JarLifecycleMapping lifecycle mapping for MavenProject: myy803.springboot.IoC:myy803_IoC_tutorial_2:0.0.1-SNAPSHOT @ C:\Users\zarras\Documents\zarras-home\doc\courses\soft-eng\slides\spring-stuff\myy803-springboot-IoC\myy803_IoC_tutorial_2\pom.xml.
2024-02-12 09:13:29,143 [Worker-13: Updating Maven Dependencies] INFO  o.e.m.c.i.l.LifecycleMappingFactory - Using org.eclipse.m2e.jdt.JarLifecycleMapping lifecycle mapping for MavenProject: myy803.springboot.IoC:myy803_IoC_tutorial_5:0.0.1-SNAPSHOT @ C:\Users\zarras\Documents\zarras-home\doc\courses\soft-eng\slides\spring-stuff\myy803-springboot-IoC\myy803_IoC_tutorial_5\pom.xml.
2024-02-12 09:13:29,430 [Worker-13: Updating Maven Dependencies] INFO  o.e.m.c.i.l.LifecycleMappingFactory - Using org.eclipse.m2e.jdt.JarLifecycleMapping lifecycle mapping for MavenProject: myy803.springboot.IoC:myy803_IoC_tutorial_8:0.0.1-SNAPSHOT @ C:\Users\zarras\Documents\zarras-home\doc\courses\soft-eng\slides\spring-stuff\myy803-springboot-IoC\myy803_IoC_tutorial_8\pom.xml.
2024-02-12 09:13:29,681 [Worker-13: Updating Maven Dependencies] INFO  o.e.m.c.i.l.LifecycleMappingFactory - Using org.eclipse.m2e.jdt.JarLifecycleMapping lifecycle mapping for MavenProject: myy803.springboot.IoC:myy803_IoC_tutorial_1:0.0.1-SNAPSHOT @ C:\Users\zarras\Documents\zarras-home\doc\courses\soft-eng\slides\spring-stuff\myy803-springboot-IoC\myy803_IoC_tutorial_1\pom.xml.
2024-02-12 09:13:29,934 [Worker-13: Updating Maven Dependencies] INFO  o.e.m.c.i.l.LifecycleMappingFactory - Using org.eclipse.m2e.jdt.JarLifecycleMapping lifecycle mapping for MavenProject: myy803.springboot.IoC:myy803_IoC_tutorial_4:0.0.1-SNAPSHOT @ C:\Users\zarras\Documents\zarras-home\doc\courses\soft-eng\slides\spring-stuff\myy803-springboot-IoC\myy803_IoC_tutorial_4\pom.xml.
2024-02-12 09:13:30,427 [Worker-13: Updating Maven Dependencies] INFO  o.e.m.c.i.l.LifecycleMappingFactory - Using org.eclipse.m2e.jdt.JarLifecycleMapping lifecycle mapping for MavenProject: myy803.springboot.IoC:myy803_IoC_tutorial_7:0.0.1-SNAPSHOT @ C:\Users\zarras\Documents\zarras-home\doc\courses\soft-eng\slides\spring-stuff\myy803-springboot-IoC\myy803_IoC_tutorial_7\pom.xml.
2024-02-12 09:13:30,679 [Worker-13: Updating Maven Dependencies] INFO  o.e.m.c.i.l.LifecycleMappingFactory - Using org.eclipse.m2e.jdt.JarLifecycleMapping lifecycle mapping for MavenProject: myy803.springboot.IoC:myy803_IoC_tutorial_0:0.0.1-SNAPSHOT @ C:\Users\zarras\Documents\zarras-home\doc\courses\soft-eng\slides\spring-stuff\myy803-springboot-IoC\myy803_IoC_tutorial_0\pom.xml.
2024-02-12 09:13:30,947 [Worker-13: Updating Maven Dependencies] INFO  o.e.m.c.i.l.LifecycleMappingFactory - Using org.eclipse.m2e.jdt.JarLifecycleMapping lifecycle mapping for MavenProject: myy803.springboot.IoC:myy803_IoC_tutorial_3:0.0.1-SNAPSHOT @ C:\Users\zarras\Documents\zarras-home\doc\courses\soft-eng\slides\spring-stuff\myy803-springboot-IoC\myy803_IoC_tutorial_3\pom.xml.
2024-02-12 09:13:31,346 [Worker-13: Updating Maven Dependencies] INFO  o.e.m.c.i.l.LifecycleMappingFactory - Using org.eclipse.m2e.jdt.JarLifecycleMapping lifecycle mapping for MavenProject: myy803.springboot.IoC:myy803_IoC_tutorial_6:0.0.1-SNAPSHOT @ C:\Users\zarras\Documents\zarras-home\doc\courses\soft-eng\slides\spring-stuff\myy803-springboot-IoC\myy803_IoC_tutorial_6\pom.xml.
2024-02-12 09:14:31,957 [Worker-18: Building] INFO  o.e.m.c.i.l.LifecycleMappingFactory - Using org.eclipse.m2e.jdt.JarLifecycleMapping lifecycle mapping for MavenProject: myy803.springboot.IoC:myy803_IoC_tutorial_0:0.0.1-SNAPSHOT @ C:\Users\zarras\Documents\zarras-home\doc\courses\soft-eng\slides\spring-stuff\myy803-springboot-IoC\myy803_IoC_tutorial_0\pom.xml.
2024-02-12 09:14:56,293 [Worker-18: Building] INFO  o.a.m.s.f.DefaultMavenResourcesFiltering - Copying 0 resource from src\main\resources to target\classes
2024-02-12 09:14:56,295 [Worker-18: Building] INFO  o.a.m.s.f.DefaultMavenResourcesFiltering - Copying 0 resource from src\main\resources to target\classes
2024-02-12 09:14:56,301 [Worker-18: Building] INFO  o.a.m.s.f.DefaultMavenResourcesFiltering - skip non existing resourceDirectory C:\Users\zarras\Documents\zarras-home\doc\courses\soft-eng\slides\spring-stuff\myy803-springboot-IoC\myy803_IoC_tutorial_0\src\test\resources
2024-02-12 09:14:57,496 [Worker-11: Updating Maven Project] INFO  o.e.m.c.i.p.ProjectConfigurationManager - Update started
2024-02-12 09:14:58,193 [Worker-11: Updating Maven Project] INFO  o.e.m.c.i.l.LifecycleMappingFactory - Using org.eclipse.m2e.jdt.JarLifecycleMapping lifecycle mapping for MavenProject: myy803.springboot.IoC:myy803_IoC_tutorial_0:0.0.1-SNAPSHOT @ C:\Users\zarras\Documents\zarras-home\doc\courses\soft-eng\slides\spring-stuff\myy803-springboot-IoC\myy803_IoC_tutorial_0\pom.xml.
2024-02-12 09:14:59,265 [Worker-11: Updating Maven Project] INFO  o.e.m.j.i.AbstractJavaProjectConfigurator - Adding source folder /myy803_IoC_tutorial_0/src/main/java
2024-02-12 09:14:59,267 [Worker-11: Updating Maven Project] INFO  o.e.m.j.i.AbstractJavaProjectConfigurator - Adding resource folder /myy803_IoC_tutorial_0/src/main/resources
2024-02-12 09:14:59,267 [Worker-11: Updating Maven Project] INFO  o.e.m.j.i.AbstractJavaProjectConfigurator - Adding resource folder /myy803_IoC_tutorial_0/src/main/resources
2024-02-12 09:14:59,268 [Worker-11: Updating Maven Project] INFO  o.e.m.j.i.AbstractJavaProjectConfigurator - Adding source folder /myy803_IoC_tutorial_0/src/test/java
2024-02-12 09:14:59,269 [Worker-11: Updating Maven Project] INFO  o.e.m.j.i.AbstractJavaProjectConfigurator - Adding resource folder /myy803_IoC_tutorial_0/src/test/resources
2024-02-12 09:14:59,269 [Worker-11: Updating Maven Project] ERROR o.e.m.j.i.AbstractJavaProjectConfigurator - Failed to find a compatible VM for environment id 'JavaSE-17', falling back to workspace default
2024-02-12 09:15:00,032 [Worker-11: Updating Maven Project] INFO  o.e.m.c.i.p.ProjectConfigurationManager - Update completed for 1 poms: local refresh takes 0.00 sec, refresh facades takes 1.00 sec, update config takes 0.00 sec 
2024-02-12 09:15:00,753 [Worker-14: Building] INFO  o.a.m.s.f.DefaultMavenResourcesFiltering - Copying 1 resource from src\main\resources to target\classes
2024-02-12 09:15:00,797 [Worker-14: Building] INFO  o.a.m.s.f.DefaultMavenResourcesFiltering - Copying 0 resource from src\main\resources to target\classes
2024-02-12 09:15:00,817 [Worker-14: Building] INFO  o.a.m.s.f.DefaultMavenResourcesFiltering - skip non existing resourceDirectory C:\Users\zarras\Documents\zarras-home\doc\courses\soft-eng\slides\spring-stuff\myy803-springboot-IoC\myy803_IoC_tutorial_0\src\test\resources
2024-02-12 09:16:45,678 [Worker-9: Building] INFO  o.a.m.s.f.DefaultMavenResourcesFiltering - Copying 0 resource from src\main\resources to target\classes
2024-02-12 09:16:45,680 [Worker-9: Building] INFO  o.a.m.s.f.DefaultMavenResourcesFiltering - Copying 0 resource from src\main\resources to target\classes
2024-02-12 09:16:45,711 [Worker-9: Building] INFO  o.a.m.s.f.DefaultMavenResourcesFiltering - skip non existing resourceDirectory C:\Users\zarras\Documents\zarras-home\doc\courses\soft-eng\slides\spring-stuff\myy803-springboot-IoC\myy803_IoC_tutorial_0\src\test\resources
2024-02-12 09:17:44,318 [Worker-18: Building] INFO  o.e.m.c.i.l.LifecycleMappingFactory - Using org.eclipse.m2e.jdt.JarLifecycleMapping lifecycle mapping for MavenProject: myy803.springboot.IoC:myy803_IoC_tutorial_1:0.0.1-SNAPSHOT @ C:\Users\zarras\Documents\zarras-home\doc\courses\soft-eng\slides\spring-stuff\myy803-springboot-IoC\myy803_IoC_tutorial_1\pom.xml.
2024-02-12 09:17:48,735 [Worker-18: Building] INFO  o.a.m.s.f.DefaultMavenResourcesFiltering - Copying 1 resource from src\main\resources to target\classes
2024-02-12 09:17:48,789 [Worker-18: Building] INFO  o.a.m.s.f.DefaultMavenResourcesFiltering - Copying 0 resource from src\main\resources to target\classes
2024-02-12 09:17:48,800 [Worker-18: Building] INFO  o.a.m.s.f.DefaultMavenResourcesFiltering - skip non existing resourceDirectory C:\Users\zarras\Documents\zarras-home\doc\courses\soft-eng\slides\spring-stuff\myy803-springboot-IoC\myy803_IoC_tutorial_1\src\test\resources
2024-02-12 09:17:57,754 [Worker-0: Building] INFO  o.a.m.s.f.DefaultMavenResourcesFiltering - Copying 1 resource from src\main\resources to target\classes
2024-02-12 09:17:57,759 [Worker-0: Building] INFO  o.a.m.s.f.DefaultMavenResourcesFiltering - Copying 0 resource from src\main\resources to target\classes
2024-02-12 09:17:57,765 [Worker-0: Building] INFO  o.a.m.s.f.DefaultMavenResourcesFiltering - skip non existing resourceDirectory C:\Users\zarras\Documents\zarras-home\doc\courses\soft-eng\slides\spring-stuff\myy803-springboot-IoC\myy803_IoC_tutorial_1\src\test\resources
2024-02-12 09:19:04,587 [Worker-1: Building] INFO  o.e.m.c.i.embedder.EclipseLogger - Using 'UTF-8' encoding to copy filtered resources.
2024-02-12 09:19:04,587 [Worker-1: Building] INFO  o.e.m.c.i.embedder.EclipseLogger - Using 'UTF-8' encoding to copy filtered properties files.
2024-02-12 09:19:04,588 [Worker-1: Building] INFO  o.e.m.c.i.embedder.EclipseLogger - Copying 1 resource
2024-02-12 09:19:04,653 [Worker-1: Building] INFO  o.e.m.c.i.embedder.EclipseLogger - Copying 0 resource
2024-02-12 09:19:04,661 [Worker-1: Building] INFO  o.e.m.c.i.embedder.EclipseLogger - Using 'UTF-8' encoding to copy filtered resources.
2024-02-12 09:19:04,662 [Worker-1: Building] INFO  o.e.m.c.i.embedder.EclipseLogger - Using 'UTF-8' encoding to copy filtered properties files.
2024-02-12 09:19:04,662 [Worker-1: Building] INFO  o.e.m.c.i.embedder.EclipseLogger - skip non existing resourceDirectory C:\Users\zarras\Documents\zarras-home\doc\courses\soft-eng\slides\spring-stuff\myy803-springboot-IoC\myy803_IoC_tutorial_2\src\test\resources
2024-02-12 09:19:22,419 [Worker-14: Building] INFO  o.e.m.c.i.l.LifecycleMappingFactory - Using org.eclipse.m2e.jdt.JarLifecycleMapping lifecycle mapping for MavenProject: myy803.springboot.IoC:myy803_IoC_tutorial_2:0.0.1-SNAPSHOT @ C:\Users\zarras\Documents\zarras-home\doc\courses\soft-eng\slides\spring-stuff\myy803-springboot-IoC\myy803_IoC_tutorial_2\pom.xml.
2024-02-12 09:19:23,178 [Worker-14: Building] INFO  o.a.m.s.f.DefaultMavenResourcesFiltering - Copying 0 resource from src\main\resources to target\classes
2024-02-12 09:19:23,180 [Worker-14: Building] INFO  o.a.m.s.f.DefaultMavenResourcesFiltering - Copying 0 resource from src\main\resources to target\classes
2024-02-12 09:19:23,190 [Worker-14: Building] INFO  o.a.m.s.f.DefaultMavenResourcesFiltering - skip non existing resourceDirectory C:\Users\zarras\Documents\zarras-home\doc\courses\soft-eng\slides\spring-stuff\myy803-springboot-IoC\myy803_IoC_tutorial_2\src\test\resources
2024-02-12 09:19:58,971 [Worker-0: Building] INFO  o.e.m.c.i.embedder.EclipseLogger - Using 'UTF-8' encoding to copy filtered resources.
2024-02-12 09:19:58,971 [Worker-0: Building] INFO  o.e.m.c.i.embedder.EclipseLogger - Using 'UTF-8' encoding to copy filtered properties files.
2024-02-12 09:19:58,972 [Worker-0: Building] INFO  o.e.m.c.i.embedder.EclipseLogger - Copying 1 resource
2024-02-12 09:19:58,995 [Worker-0: Building] INFO  o.e.m.c.i.embedder.EclipseLogger - Copying 0 resource
2024-02-12 09:19:59,003 [Worker-0: Building] INFO  o.e.m.c.i.embedder.EclipseLogger - Using 'UTF-8' encoding to copy filtered resources.
2024-02-12 09:19:59,003 [Worker-0: Building] INFO  o.e.m.c.i.embedder.EclipseLogger - Using 'UTF-8' encoding to copy filtered properties files.
2024-02-12 09:19:59,004 [Worker-0: Building] INFO  o.e.m.c.i.embedder.EclipseLogger - skip non existing resourceDirectory C:\Users\zarras\Documents\zarras-home\doc\courses\soft-eng\slides\spring-stuff\myy803-springboot-IoC\myy803_IoC_tutorial_3\src\test\resources
2024-02-12 09:20:17,321 [Worker-9: Building] INFO  o.e.m.c.i.l.LifecycleMappingFactory - Using org.eclipse.m2e.jdt.JarLifecycleMapping lifecycle mapping for MavenProject: myy803.springboot.IoC:myy803_IoC_tutorial_3:0.0.1-SNAPSHOT @ C:\Users\zarras\Documents\zarras-home\doc\courses\soft-eng\slides\spring-stuff\myy803-springboot-IoC\myy803_IoC_tutorial_3\pom.xml.
2024-02-12 09:20:18,198 [Worker-9: Building] INFO  o.a.m.s.f.DefaultMavenResourcesFiltering - Copying 0 resource from src\main\resources to target\classes
2024-02-12 09:20:18,200 [Worker-9: Building] INFO  o.a.m.s.f.DefaultMavenResourcesFiltering - Copying 0 resource from src\main\resources to target\classes
2024-02-12 09:20:18,226 [Worker-9: Building] INFO  o.a.m.s.f.DefaultMavenResourcesFiltering - skip non existing resourceDirectory C:\Users\zarras\Documents\zarras-home\doc\courses\soft-eng\slides\spring-stuff\myy803-springboot-IoC\myy803_IoC_tutorial_3\src\test\resources
2024-02-12 09:21:14,190 [Worker-1: Building] INFO  o.e.m.c.i.embedder.EclipseLogger - Using 'UTF-8' encoding to copy filtered resources.
2024-02-12 09:21:14,190 [Worker-1: Building] INFO  o.e.m.c.i.embedder.EclipseLogger - Using 'UTF-8' encoding to copy filtered properties files.
2024-02-12 09:21:14,191 [Worker-1: Building] INFO  o.e.m.c.i.embedder.EclipseLogger - Copying 1 resource
2024-02-12 09:21:14,206 [Worker-1: Building] INFO  o.e.m.c.i.embedder.EclipseLogger - Copying 0 resource
2024-02-12 09:21:14,214 [Worker-1: Building] INFO  o.e.m.c.i.embedder.EclipseLogger - Using 'UTF-8' encoding to copy filtered resources.
2024-02-12 09:21:14,214 [Worker-1: Building] INFO  o.e.m.c.i.embedder.EclipseLogger - Using 'UTF-8' encoding to copy filtered properties files.
2024-02-12 09:21:14,214 [Worker-1: Building] INFO  o.e.m.c.i.embedder.EclipseLogger - skip non existing resourceDirectory C:\Users\zarras\Documents\zarras-home\doc\courses\soft-eng\slides\spring-stuff\myy803-springboot-IoC\myy803_IoC_tutorial_4\src\test\resources
2024-02-12 09:21:31,532 [Worker-14: Building] INFO  o.e.m.c.i.l.LifecycleMappingFactory - Using org.eclipse.m2e.jdt.JarLifecycleMapping lifecycle mapping for MavenProject: myy803.springboot.IoC:myy803_IoC_tutorial_4:0.0.1-SNAPSHOT @ C:\Users\zarras\Documents\zarras-home\doc\courses\soft-eng\slides\spring-stuff\myy803-springboot-IoC\myy803_IoC_tutorial_4\pom.xml.
2024-02-12 09:21:32,737 [Worker-14: Building] INFO  o.a.m.s.f.DefaultMavenResourcesFiltering - Copying 0 resource from src\main\resources to target\classes
2024-02-12 09:21:32,739 [Worker-14: Building] INFO  o.a.m.s.f.DefaultMavenResourcesFiltering - Copying 0 resource from src\main\resources to target\classes
2024-02-12 09:21:32,746 [Worker-14: Building] INFO  o.a.m.s.f.DefaultMavenResourcesFiltering - skip non existing resourceDirectory C:\Users\zarras\Documents\zarras-home\doc\courses\soft-eng\slides\spring-stuff\myy803-springboot-IoC\myy803_IoC_tutorial_4\src\test\resources
2024-02-12 09:34:12,023 [Worker-25: Building] INFO  o.e.m.c.i.l.LifecycleMappingFactory - Using org.eclipse.m2e.jdt.JarLifecycleMapping lifecycle mapping for MavenProject: myy803.springboot.IoC:myy803_IoC_tutorial_4:0.0.1-SNAPSHOT @ C:\Users\zarras\Documents\zarras-home\doc\courses\soft-eng\slides\spring-stuff\myy803-springboot-IoC\myy803_IoC_tutorial_4\pom.xml.
2024-02-12 09:34:12,605 [Worker-25: Building] INFO  o.e.m.c.i.e.AbstractTransferListenerAdapter - Downloading https://repo.maven.apache.org/maven2/org/springframework/boot/spring-boot-properties-migrator/3.2.2/spring-boot-properties-migrator-3.2.2.pom
2024-02-12 09:34:12,625 [Worker-25: Building] INFO  o.e.m.c.i.e.AbstractTransferListenerAdapter - Downloaded https://repo.maven.apache.org/maven2/org/springframework/boot/spring-boot-properties-migrator/3.2.2/spring-boot-properties-migrator-3.2.2.pom
2024-02-12 09:34:12,717 [Worker-25: Building] INFO  o.e.m.c.i.e.AbstractTransferListenerAdapter - Downloading https://repo.maven.apache.org/maven2/org/springframework/boot/spring-boot-configuration-metadata/3.2.2/spring-boot-configuration-metadata-3.2.2.pom
2024-02-12 09:34:12,732 [Worker-25: Building] INFO  o.e.m.c.i.e.AbstractTransferListenerAdapter - Downloaded https://repo.maven.apache.org/maven2/org/springframework/boot/spring-boot-configuration-metadata/3.2.2/spring-boot-configuration-metadata-3.2.2.pom
2024-02-12 09:34:12,982 [Worker-25: Building] INFO  o.e.m.c.i.e.AbstractTransferListenerAdapter - Downloading https://repo.maven.apache.org/maven2/org/springframework/boot/spring-boot-properties-migrator/3.2.2/spring-boot-properties-migrator-3.2.2.jar
2024-02-12 09:34:13,013 [Worker-25: Building] INFO  o.e.m.c.i.e.AbstractTransferListenerAdapter - Downloaded https://repo.maven.apache.org/maven2/org/springframework/boot/spring-boot-properties-migrator/3.2.2/spring-boot-properties-migrator-3.2.2.jar
2024-02-12 09:34:13,089 [BasicRepositoryConnector-repo.maven.apache.org-0-0] INFO  o.e.m.c.i.e.AbstractTransferListenerAdapter - Downloading https://repo.maven.apache.org/maven2/org/springframework/boot/spring-boot-configuration-metadata/3.2.2/spring-boot-configuration-metadata-3.2.2.jar
2024-02-12 09:34:13,127 [BasicRepositoryConnector-repo.maven.apache.org-0-0] INFO  o.e.m.c.i.e.AbstractTransferListenerAdapter - Downloaded https://repo.maven.apache.org/maven2/org/springframework/boot/spring-boot-configuration-metadata/3.2.2/spring-boot-configuration-metadata-3.2.2.jar
2024-02-12 09:34:14,031 [Worker-25: Building] INFO  o.a.m.s.f.DefaultMavenResourcesFiltering - Copying 0 resource from src\main\resources to target\classes
2024-02-12 09:34:14,032 [Worker-25: Building] INFO  o.a.m.s.f.DefaultMavenResourcesFiltering - Copying 0 resource from src\main\resources to target\classes
2024-02-12 09:34:14,041 [Worker-25: Building] INFO  o.a.m.s.f.DefaultMavenResourcesFiltering - skip non existing resourceDirectory C:\Users\zarras\Documents\zarras-home\doc\courses\soft-eng\slides\spring-stuff\myy803-springboot-IoC\myy803_IoC_tutorial_4\src\test\resources
2024-02-12 09:34:14,765 [Worker-27: Download sources and javadoc] INFO  o.e.m.c.i.e.AbstractTransferListenerAdapter - Downloading https://repo.maven.apache.org/maven2/org/springframework/boot/spring-boot-properties-migrator/3.2.2/spring-boot-properties-migrator-3.2.2-sources.jar
2024-02-12 09:34:14,804 [Worker-27: Download sources and javadoc] INFO  o.e.m.c.i.e.AbstractTransferListenerAdapter - Downloaded https://repo.maven.apache.org/maven2/org/springframework/boot/spring-boot-properties-migrator/3.2.2/spring-boot-properties-migrator-3.2.2-sources.jar
2024-02-12 09:34:14,812 [Worker-27: Download sources and javadoc] INFO  o.e.m.j.internal.DownloadSourcesJob - Downloaded sources for org.springframework.boot:spring-boot-properties-migrator:3.2.2
2024-02-12 09:34:15,182 [Worker-27: Download sources and javadoc] INFO  o.e.m.c.i.e.AbstractTransferListenerAdapter - Downloading https://repo.maven.apache.org/maven2/org/springframework/boot/spring-boot-configuration-metadata/3.2.2/spring-boot-configuration-metadata-3.2.2-sources.jar
2024-02-12 09:34:15,207 [Worker-27: Download sources and javadoc] INFO  o.e.m.c.i.e.AbstractTransferListenerAdapter - Downloaded https://repo.maven.apache.org/maven2/org/springframework/boot/spring-boot-configuration-metadata/3.2.2/spring-boot-configuration-metadata-3.2.2-sources.jar
2024-02-12 09:34:15,216 [Worker-27: Download sources and javadoc] INFO  o.e.m.j.internal.DownloadSourcesJob - Downloaded sources for org.springframework.boot:spring-boot-configuration-metadata:3.2.2
2024-02-12 09:37:37,568 [Worker-3: Building] INFO  o.a.m.s.f.DefaultMavenResourcesFiltering - Copying 1 resource from src\main\resources to target\classes
2024-02-12 09:37:37,599 [Worker-3: Building] INFO  o.a.m.s.f.DefaultMavenResourcesFiltering - Copying 0 resource from src\main\resources to target\classes
2024-02-12 09:37:37,603 [Worker-3: Building] INFO  o.a.m.s.f.DefaultMavenResourcesFiltering - skip non existing resourceDirectory C:\Users\zarras\Documents\zarras-home\doc\courses\soft-eng\slides\spring-stuff\myy803-springboot-IoC\myy803_IoC_tutorial_4\src\test\resources
2024-02-12 09:38:20,532 [Worker-3: Building] INFO  o.e.m.c.i.embedder.EclipseLogger - Using 'UTF-8' encoding to copy filtered resources.
2024-02-12 09:38:20,533 [Worker-3: Building] INFO  o.e.m.c.i.embedder.EclipseLogger - Using 'UTF-8' encoding to copy filtered properties files.
2024-02-12 09:38:20,533 [Worker-3: Building] INFO  o.e.m.c.i.embedder.EclipseLogger - Copying 1 resource
2024-02-12 09:38:20,555 [Worker-3: Building] INFO  o.e.m.c.i.embedder.EclipseLogger - Copying 0 resource
2024-02-12 09:38:20,562 [Worker-3: Building] INFO  o.e.m.c.i.embedder.EclipseLogger - Using 'UTF-8' encoding to copy filtered resources.
2024-02-12 09:38:20,562 [Worker-3: Building] INFO  o.e.m.c.i.embedder.EclipseLogger - Using 'UTF-8' encoding to copy filtered properties files.
2024-02-12 09:38:20,562 [Worker-3: Building] INFO  o.e.m.c.i.embedder.EclipseLogger - skip non existing resourceDirectory C:\Users\zarras\Documents\zarras-home\doc\courses\soft-eng\slides\spring-stuff\myy803-springboot-IoC\myy803_IoC_tutorial_5\src\test\resources
2024-02-12 09:38:48,927 [Worker-30: Building] INFO  o.e.m.c.i.l.LifecycleMappingFactory - Using org.eclipse.m2e.jdt.JarLifecycleMapping lifecycle mapping for MavenProject: myy803.springboot.IoC:myy803_IoC_tutorial_5:0.0.1-SNAPSHOT @ C:\Users\zarras\Documents\zarras-home\doc\courses\soft-eng\slides\spring-stuff\myy803-springboot-IoC\myy803_IoC_tutorial_5\pom.xml.
2024-02-12 09:38:50,248 [Worker-30: Building] INFO  o.a.m.s.f.DefaultMavenResourcesFiltering - Copying 0 resource from src\main\resources to target\classes
2024-02-12 09:38:50,249 [Worker-30: Building] INFO  o.a.m.s.f.DefaultMavenResourcesFiltering - Copying 0 resource from src\main\resources to target\classes
2024-02-12 09:38:50,260 [Worker-30: Building] INFO  o.a.m.s.f.DefaultMavenResourcesFiltering - skip non existing resourceDirectory C:\Users\zarras\Documents\zarras-home\doc\courses\soft-eng\slides\spring-stuff\myy803-springboot-IoC\myy803_IoC_tutorial_5\src\test\resources
2024-02-12 09:41:01,863 [Worker-32: Building] INFO  o.e.m.c.i.embedder.EclipseLogger - Using 'UTF-8' encoding to copy filtered resources.
2024-02-12 09:41:01,864 [Worker-32: Building] INFO  o.e.m.c.i.embedder.EclipseLogger - Using 'UTF-8' encoding to copy filtered properties files.
2024-02-12 09:41:01,864 [Worker-32: Building] INFO  o.e.m.c.i.embedder.EclipseLogger - Copying 1 resource
2024-02-12 09:41:01,918 [Worker-32: Building] INFO  o.e.m.c.i.embedder.EclipseLogger - Copying 0 resource
2024-02-12 09:41:01,924 [Worker-32: Building] INFO  o.e.m.c.i.embedder.EclipseLogger - Using 'UTF-8' encoding to copy filtered resources.
2024-02-12 09:41:01,924 [Worker-32: Building] INFO  o.e.m.c.i.embedder.EclipseLogger - Using 'UTF-8' encoding to copy filtered properties files.
2024-02-12 09:41:01,924 [Worker-32: Building] INFO  o.e.m.c.i.embedder.EclipseLogger - skip non existing resourceDirectory C:\Users\zarras\Documents\zarras-home\doc\courses\soft-eng\slides\spring-stuff\myy803-springboot-IoC\myy803_IoC_tutorial_6\src\test\resources
2024-02-12 09:41:18,648 [Worker-33: Building] INFO  o.e.m.c.i.l.LifecycleMappingFactory - Using org.eclipse.m2e.jdt.JarLifecycleMapping lifecycle mapping for MavenProject: myy803.springboot.IoC:myy803_IoC_tutorial_6:0.0.1-SNAPSHOT @ C:\Users\zarras\Documents\zarras-home\doc\courses\soft-eng\slides\spring-stuff\myy803-springboot-IoC\myy803_IoC_tutorial_6\pom.xml.
2024-02-12 09:41:19,447 [Worker-33: Building] INFO  o.a.m.s.f.DefaultMavenResourcesFiltering - Copying 0 resource from src\main\resources to target\classes
2024-02-12 09:41:19,448 [Worker-33: Building] INFO  o.a.m.s.f.DefaultMavenResourcesFiltering - Copying 0 resource from src\main\resources to target\classes
2024-02-12 09:41:19,454 [Worker-33: Building] INFO  o.a.m.s.f.DefaultMavenResourcesFiltering - skip non existing resourceDirectory C:\Users\zarras\Documents\zarras-home\doc\courses\soft-eng\slides\spring-stuff\myy803-springboot-IoC\myy803_IoC_tutorial_6\src\test\resources
2024-02-12 09:41:26,426 [Worker-31: Building] INFO  o.e.m.c.i.l.LifecycleMappingFactory - Using org.eclipse.m2e.jdt.JarLifecycleMapping lifecycle mapping for MavenProject: myy803.springboot.IoC:myy803_IoC_tutorial_6:0.0.1-SNAPSHOT @ C:\Users\zarras\Documents\zarras-home\doc\courses\soft-eng\slides\spring-stuff\myy803-springboot-IoC\myy803_IoC_tutorial_6\pom.xml.
2024-02-12 09:41:27,677 [Worker-31: Building] INFO  o.a.m.s.f.DefaultMavenResourcesFiltering - Copying 1 resource from src\main\resources to target\classes
2024-02-12 09:41:27,701 [Worker-31: Building] INFO  o.a.m.s.f.DefaultMavenResourcesFiltering - Copying 0 resource from src\main\resources to target\classes
2024-02-12 09:41:27,709 [Worker-31: Building] INFO  o.a.m.s.f.DefaultMavenResourcesFiltering - skip non existing resourceDirectory C:\Users\zarras\Documents\zarras-home\doc\courses\soft-eng\slides\spring-stuff\myy803-springboot-IoC\myy803_IoC_tutorial_6\src\test\resources
2024-02-12 09:42:07,740 [Worker-32: Building] INFO  o.e.m.c.i.embedder.EclipseLogger - Using 'UTF-8' encoding to copy filtered resources.
2024-02-12 09:42:07,741 [Worker-32: Building] INFO  o.e.m.c.i.embedder.EclipseLogger - Using 'UTF-8' encoding to copy filtered properties files.
2024-02-12 09:42:07,742 [Worker-32: Building] INFO  o.e.m.c.i.embedder.EclipseLogger - Copying 1 resource
2024-02-12 09:42:07,768 [Worker-32: Building] INFO  o.e.m.c.i.embedder.EclipseLogger - Copying 0 resource
2024-02-12 09:42:07,776 [Worker-32: Building] INFO  o.e.m.c.i.embedder.EclipseLogger - Using 'UTF-8' encoding to copy filtered resources.
2024-02-12 09:42:07,776 [Worker-32: Building] INFO  o.e.m.c.i.embedder.EclipseLogger - Using 'UTF-8' encoding to copy filtered properties files.
2024-02-12 09:42:07,776 [Worker-32: Building] INFO  o.e.m.c.i.embedder.EclipseLogger - skip non existing resourceDirectory C:\Users\zarras\Documents\zarras-home\doc\courses\soft-eng\slides\spring-stuff\myy803-springboot-IoC\myy803_IoC_tutorial_7\src\test\resources
2024-02-12 09:42:27,662 [Worker-33: Building] INFO  o.e.m.c.i.l.LifecycleMappingFactory - Using org.eclipse.m2e.jdt.JarLifecycleMapping lifecycle mapping for MavenProject: myy803.springboot.IoC:myy803_IoC_tutorial_7:0.0.1-SNAPSHOT @ C:\Users\zarras\Documents\zarras-home\doc\courses\soft-eng\slides\spring-stuff\myy803-springboot-IoC\myy803_IoC_tutorial_7\pom.xml.
2024-02-12 09:42:29,532 [Worker-33: Building] INFO  o.a.m.s.f.DefaultMavenResourcesFiltering - Copying 0 resource from src\main\resources to target\classes
2024-02-12 09:42:29,533 [Worker-33: Building] INFO  o.a.m.s.f.DefaultMavenResourcesFiltering - Copying 0 resource from src\main\resources to target\classes
2024-02-12 09:42:29,542 [Worker-33: Building] INFO  o.a.m.s.f.DefaultMavenResourcesFiltering - skip non existing resourceDirectory C:\Users\zarras\Documents\zarras-home\doc\courses\soft-eng\slides\spring-stuff\myy803-springboot-IoC\myy803_IoC_tutorial_7\src\test\resources
2024-02-12 09:42:45,108 [Worker-31: Building] INFO  o.e.m.c.i.l.LifecycleMappingFactory - Using org.eclipse.m2e.jdt.JarLifecycleMapping lifecycle mapping for MavenProject: myy803.springboot.IoC:myy803_IoC_tutorial_8:0.0.1-SNAPSHOT @ C:\Users\zarras\Documents\zarras-home\doc\courses\soft-eng\slides\spring-stuff\myy803-springboot-IoC\myy803_IoC_tutorial_8\pom.xml.
2024-02-12 09:42:46,631 [Worker-31: Building] INFO  o.a.m.s.f.DefaultMavenResourcesFiltering - Copying 1 resource from src\main\resources to target\classes
2024-02-12 09:42:46,677 [Worker-31: Building] INFO  o.a.m.s.f.DefaultMavenResourcesFiltering - Copying 0 resource from src\main\resources to target\classes
2024-02-12 09:42:46,684 [Worker-31: Building] INFO  o.a.m.s.f.DefaultMavenResourcesFiltering - skip non existing resourceDirectory C:\Users\zarras\Documents\zarras-home\doc\courses\soft-eng\slides\spring-stuff\myy803-springboot-IoC\myy803_IoC_tutorial_8\src\test\resources
2024-02-12 09:42:50,214 [Worker-33: Building] INFO  o.a.m.s.f.DefaultMavenResourcesFiltering - Copying 1 resource from src\main\resources to target\classes
2024-02-12 09:42:50,219 [Worker-33: Building] INFO  o.a.m.s.f.DefaultMavenResourcesFiltering - Copying 0 resource from src\main\resources to target\classes
2024-02-12 09:42:50,227 [Worker-33: Building] INFO  o.a.m.s.f.DefaultMavenResourcesFiltering - skip non existing resourceDirectory C:\Users\zarras\Documents\zarras-home\doc\courses\soft-eng\slides\spring-stuff\myy803-springboot-IoC\myy803_IoC_tutorial_8\src\test\resources
2024-02-12 13:25:19,141 [Worker-41: Building] INFO  o.e.m.c.i.l.LifecycleMappingFactory - Using org.eclipse.m2e.jdt.JarLifecycleMapping lifecycle mapping for MavenProject: myy803.springboot.IoC:myy803_IoC_tutorial_8:0.0.1-SNAPSHOT @ C:\Users\zarras\Documents\zarras-home\doc\courses\soft-eng\slides\spring-stuff\myy803-springboot-IoC\myy803_IoC_tutorial_8\pom.xml.
2024-02-12 13:25:35,888 [Worker-41: Building] INFO  o.a.m.s.f.DefaultMavenResourcesFiltering - Copying 0 resource from src\main\resources to target\classes
2024-02-12 13:25:35,927 [Worker-41: Building] INFO  o.a.m.s.f.DefaultMavenResourcesFiltering - Copying 0 resource from src\main\resources to target\classes
2024-02-12 13:25:36,093 [Worker-41: Building] INFO  o.a.m.s.f.DefaultMavenResourcesFiltering - skip non existing resourceDirectory C:\Users\zarras\Documents\zarras-home\doc\courses\soft-eng\slides\spring-stuff\myy803-springboot-IoC\myy803_IoC_tutorial_8\src\test\resources
